This file contains any messages produced by compilers while
running configure, to aid debugging if configure makes a mistake.

It was created by configure, which was
generated by GNU Autoconf 2.68.  Invocation command line was

  $ ./configure --with-timberwolf=/home/tim/src/timberwolf-6.3 --with-odin_II=/home/tim/src/vtr/ODIN_II --with-abc=/home/tim/src/abc70930

## --------- ##
## Platform. ##
## --------- ##

hostname = stravinsky.tim.linglan.net
uname -m = x86_64
uname -r = 3.3.4-3.fc16.x86_64
uname -s = Linux
uname -v = #1 SMP Thu May 3 14:46:44 UTC 2012

/usr/bin/uname -p = unknown
/bin/uname -X     = unknown

/bin/arch              = x86_64
/usr/bin/arch -k       = unknown
/usr/convex/getsysinfo = unknown
/usr/bin/hostinfo      = unknown
/bin/machine           = unknown
/usr/bin/oslevel       = unknown
/bin/universe          = unknown

PATH: .
PATH: /bin
PATH: /sbin
PATH: /usr/bin
PATH: /usr/sbin
PATH: /usr/local/bin


## ----------- ##
## Core tests. ##
## ----------- ##

configure:2000: checking build system type
configure:2014: result: x86_64-unknown-linux-gnu
configure:2034: checking host system type
configure:2047: result: x86_64-unknown-linux-gnu
configure:2133: checking for gcc
configure:2149: found /usr/bin/gcc
configure:2160: result: gcc
configure:2389: checking for C compiler version
configure:2398: gcc --version >&5
gcc (GCC) 4.6.3 20120306 (Red Hat 4.6.3-2)
Copyright (C) 2011 Free Software Foundation, Inc.
This is free software; see the source for copying conditions.  There is NO
warranty; not even for MERCHANTABILITY or FITNESS FOR A PARTICULAR PURPOSE.

configure:2409: $? = 0
configure:2398: gcc -v >&5
Using built-in specs.
COLLECT_GCC=gcc
COLLECT_LTO_WRAPPER=/usr/libexec/gcc/x86_64-redhat-linux/4.6.3/lto-wrapper
Target: x86_64-redhat-linux
Configured with: ../configure --prefix=/usr --mandir=/usr/share/man --infodir=/usr/share/info --with-bugurl=http://bugzilla.redhat.com/bugzilla --enable-bootstrap --enable-shared --enable-threads=posix --enable-checking=release --with-system-zlib --enable-__cxa_atexit --disable-libunwind-exceptions --enable-gnu-unique-object --enable-linker-build-id --enable-languages=c,c++,objc,obj-c++,java,fortran,ada,go,lto --enable-plugin --enable-java-awt=gtk --disable-dssi --with-java-home=/usr/lib/jvm/java-1.5.0-gcj-1.5.0.0/jre --enable-libgcj-multifile --enable-java-maintainer-mode --with-ecj-jar=/usr/share/java/eclipse-ecj.jar --disable-libjava-multilib --with-ppl --with-cloog --with-tune=generic --with-arch_32=i686 --build=x86_64-redhat-linux
Thread model: posix
gcc version 4.6.3 20120306 (Red Hat 4.6.3-2) (GCC) 
configure:2409: $? = 0
configure:2398: gcc -V >&5
gcc: error: unrecognized option '-V'
gcc: fatal error: no input files
compilation terminated.
configure:2409: $? = 4
configure:2398: gcc -qversion >&5
gcc: error: unrecognized option '-qversion'
gcc: fatal error: no input files
compilation terminated.
configure:2409: $? = 4
configure:2429: checking whether the C compiler works
configure:2451: gcc    conftest.c  >&5
configure:2455: $? = 0
configure:2503: result: yes
configure:2506: checking for C compiler default output file name
configure:2508: result: a.out
configure:2514: checking for suffix of executables
configure:2521: gcc -o conftest    conftest.c  >&5
configure:2525: $? = 0
configure:2547: result: 
configure:2569: checking whether we are cross compiling
configure:2577: gcc -o conftest    conftest.c  >&5
configure:2581: $? = 0
configure:2588: ./conftest
configure:2592: $? = 0
configure:2607: result: no
configure:2612: checking for suffix of object files
configure:2634: gcc -c   conftest.c >&5
configure:2638: $? = 0
configure:2659: result: o
configure:2663: checking whether we are using the GNU C compiler
configure:2682: gcc -c   conftest.c >&5
configure:2682: $? = 0
configure:2691: result: yes
configure:2700: checking whether gcc accepts -g
configure:2720: gcc -c -g  conftest.c >&5
configure:2720: $? = 0
configure:2761: result: yes
configure:2778: checking for gcc option to accept ISO C89
configure:2842: gcc  -c -g -O2  conftest.c >&5
configure:2842: $? = 0
configure:2855: result: none needed
configure:2880: checking how to run the C preprocessor
configure:2911: gcc -E  conftest.c
configure:2911: $? = 0
configure:2925: gcc -E  conftest.c
conftest.c:9:28: fatal error: ac_nonexistent.h: No such file or directory
compilation terminated.
configure:2925: $? = 1
configure: failed program was:
| /* confdefs.h */
| #define PACKAGE_NAME ""
| #define PACKAGE_TARNAME ""
| #define PACKAGE_VERSION ""
| #define PACKAGE_STRING ""
| #define PACKAGE_BUGREPORT ""
| #define PACKAGE_URL ""
| /* end confdefs.h.  */
| #include <ac_nonexistent.h>
configure:2950: result: gcc -E
configure:2970: gcc -E  conftest.c
configure:2970: $? = 0
configure:2984: gcc -E  conftest.c
conftest.c:9:28: fatal error: ac_nonexistent.h: No such file or directory
compilation terminated.
configure:2984: $? = 1
configure: failed program was:
| /* confdefs.h */
| #define PACKAGE_NAME ""
| #define PACKAGE_TARNAME ""
| #define PACKAGE_VERSION ""
| #define PACKAGE_STRING ""
| #define PACKAGE_BUGREPORT ""
| #define PACKAGE_URL ""
| /* end confdefs.h.  */
| #include <ac_nonexistent.h>
configure:3013: checking for library containing strerror
configure:3044: gcc -o conftest -g -O2   conftest.c  >&5
configure:3044: $? = 0
configure:3061: result: none required
configure:3086: checking for a BSD-compatible install
configure:3154: result: /usr/bin/install -c
configure:3208: checking for ranlib
configure:3224: found /usr/bin/ranlib
configure:3235: result: ranlib
configure:3259: checking for autoconf
configure:3275: found /usr/bin/autoconf
configure:3287: result: autoconf
configure:3297: checking for cp
configure:3313: found /bin/cp
configure:3325: result: cp
configure:3335: checking for rm
configure:3351: found /bin/rm
configure:3363: result: rm
configure:3379: checking for grep that handles long lines and -e
configure:3437: result: /bin/grep
configure:3442: checking for egrep
configure:3504: result: /bin/grep -E
configure:3509: checking for ANSI C header files
configure:3529: gcc -c -g -O2  conftest.c >&5
configure:3529: $? = 0
configure:3602: gcc -o conftest -g -O2   conftest.c  >&5
configure:3602: $? = 0
configure:3602: ./conftest
configure:3602: $? = 0
configure:3613: result: yes
configure:3624: checking for setenv
configure:3624: gcc -o conftest -g -O2   conftest.c  >&5
configure:3624: $? = 0
configure:3624: result: yes
configure:3624: checking for putenv
configure:3624: gcc -o conftest -g -O2   conftest.c  >&5
configure:3624: $? = 0
configure:3624: result: yes
configure:3693: checking for tclsh
configure:3709: found /usr/bin/tclsh
configure:3720: result: tclsh
configure:3793: checking for magic
configure:3811: found /usr/local/bin/magic
configure:3823: result: /usr/local/bin/magic
configure:3896: checking for qrouter
configure:3914: found /usr/local/bin/qrouter
configure:3926: result: /usr/local/bin/qrouter
configure:3956: checking for .twrc
configure:3974: found /home/tim/src/timberwolf-6.3/.twrc
configure:3986: result: /home/tim/src/timberwolf-6.3/.twrc
configure:4061: checking for odin_II.exe
configure:4079: found /home/tim/src/vtr/ODIN_II/odin_II.exe
configure:4091: result: /home/tim/src/vtr/ODIN_II/odin_II.exe
configure:4165: checking for abc
configure:4183: found /home/tim/src/abc70930/abc
configure:4195: result: /home/tim/src/abc70930/abc
configure:4443: creating ./config.status

## ---------------------- ##
## Running config.status. ##
## ---------------------- ##

This file was extended by config.status, which was
generated by GNU Autoconf 2.68.  Invocation command line was

  CONFIG_FILES    = 
  CONFIG_HEADERS  = 
  CONFIG_LINKS    = 
  CONFIG_COMMANDS = 
  $ ./config.status 

on stravinsky.tim.linglan.net

config.status:769: creating Makefile
config.status:769: creating scripts/Makefile
config.status:769: creating src/Makefile
config.status:769: creating tech/Makefile
config.status:769: creating tech/osu035/Makefile
config.status:769: creating tech/osu050/Makefile

## ---------------- ##
## Cache variables. ##
## ---------------- ##

ac_cv_build=x86_64-unknown-linux-gnu
ac_cv_c_compiler_gnu=yes
ac_cv_env_CC_set=
ac_cv_env_CC_value=
ac_cv_env_CFLAGS_set=
ac_cv_env_CFLAGS_value=
ac_cv_env_CPPFLAGS_set=
ac_cv_env_CPPFLAGS_value=
ac_cv_env_CPP_set=
ac_cv_env_CPP_value=
ac_cv_env_LDFLAGS_set=
ac_cv_env_LDFLAGS_value=
ac_cv_env_LIBS_set=
ac_cv_env_LIBS_value=
ac_cv_env_build_alias_set=
ac_cv_env_build_alias_value=
ac_cv_env_host_alias_set=
ac_cv_env_host_alias_value=
ac_cv_env_target_alias_set=
ac_cv_env_target_alias_value=
ac_cv_func_putenv=yes
ac_cv_func_setenv=yes
ac_cv_header_stdc=yes
ac_cv_host=x86_64-unknown-linux-gnu
ac_cv_objext=o
ac_cv_path_EGREP='/bin/grep -E'
ac_cv_path_GREP=/bin/grep
ac_cv_path_QFLOW_ABC_PATH=/home/tim/src/abc70930/abc
ac_cv_path_QFLOW_MAGIC_PATH=/usr/local/bin/magic
ac_cv_path_QFLOW_ODIN_PATH=/home/tim/src/vtr/ODIN_II/odin_II.exe
ac_cv_path_QFLOW_QROUTER_PATH=/usr/local/bin/qrouter
ac_cv_path_QFLOW_TWRC_PATH=/home/tim/src/timberwolf-6.3/.twrc
ac_cv_path_install='/usr/bin/install -c'
ac_cv_prog_AUTOCONF=autoconf
ac_cv_prog_CP=cp
ac_cv_prog_CPP='gcc -E'
ac_cv_prog_RM=rm
ac_cv_prog_TCLSH_PATH=tclsh
ac_cv_prog_ac_ct_CC=gcc
ac_cv_prog_ac_ct_RANLIB=ranlib
ac_cv_prog_cc_c89=
ac_cv_prog_cc_g=yes
ac_cv_search_strerror='none required'

## ----------------- ##
## Output variables. ##
## ----------------- ##

AUTOCONF='autoconf'
CC='gcc'
CFLAGS='-g -O2'
CP='cp'
CPP='gcc -E'
CPPFLAGS=''
DEFS='-DPACKAGE_NAME=\"\" -DPACKAGE_TARNAME=\"\" -DPACKAGE_VERSION=\"\" -DPACKAGE_STRING=\"\" -DPACKAGE_BUGREPORT=\"\" -DPACKAGE_URL=\"\" -DSTDC_HEADERS=1 -DHAVE_SETENV=1 -DHAVE_PUTENV=1 -DTCLSH_PATH=\"tclsh\" -DQFLOW_MAGIC_PATH=\"/usr/local/bin/magic\" -DQFLOW_QROUTER_PATH=\"/usr/local/bin/qrouter\" -DQFLOW_TWRC_PATH=\"/home/tim/src/timberwolf-6.3/.twrc\" -DQFLOW_ODIN_PATH=\"/home/tim/src/vtr/ODIN_II/odin_II.exe\" -DQFLOW_ABC_PATH=\"/home/tim/src/abc70930/abc\"'
ECHO_C=''
ECHO_N='-n'
ECHO_T=''
EGREP='/bin/grep -E'
EXEEXT=''
GREP='/bin/grep'
INSTALL_DATA='${INSTALL} -m 644'
INSTALL_PROGRAM='${INSTALL}'
INSTALL_SCRIPT='${INSTALL}'
LD=''
LDFLAGS=''
LIBOBJS=''
LIBS=''
LTLIBOBJS=''
OBJEXT='o'
PACKAGE_BUGREPORT=''
PACKAGE_NAME=''
PACKAGE_STRING=''
PACKAGE_TARNAME=''
PACKAGE_URL=''
PACKAGE_VERSION=''
PATH_SEPARATOR=':'
QFLOW_ABC_PATH='/home/tim/src/abc70930/abc'
QFLOW_BIN_DIR='/usr/local/bin'
QFLOW_LIB_DIR='/usr/local/share/qflow'
QFLOW_MAGIC_PATH='/usr/local/bin/magic'
QFLOW_ODIN_PATH='/home/tim/src/vtr/ODIN_II/odin_II.exe'
QFLOW_QROUTER_PATH='/usr/local/bin/qrouter'
QFLOW_TWRC_PATH='/home/tim/src/timberwolf-6.3/.twrc'
QFLOW_TW_PATH='/home/tim/src/timberwolf-6.3'
RANLIB='ranlib'
RM='rm'
SHELL='/bin/sh'
STDLIBS=''
TCLSH_PATH='tclsh'
VERSION='1.0'
ac_ct_CC='gcc'
bindir='${exec_prefix}/bin'
build='x86_64-unknown-linux-gnu'
build_alias=''
build_cpu='x86_64'
build_os='linux-gnu'
build_vendor='unknown'
datadir='${datarootdir}'
datarootdir='${prefix}/share'
docdir='${datarootdir}/doc/${PACKAGE}'
dvidir='${docdir}'
exec_prefix='${prefix}'
host='x86_64-unknown-linux-gnu'
host_alias=''
host_cpu='x86_64'
host_os='linux-gnu'
host_vendor='unknown'
htmldir='${docdir}'
includedir='${prefix}/include'
infodir='${datarootdir}/info'
libdir='${exec_prefix}/lib'
libexecdir='${exec_prefix}/libexec'
localedir='${datarootdir}/locale'
localstatedir='${prefix}/var'
mandir='${datarootdir}/man'
oldincludedir='/usr/include'
pdfdir='${docdir}'
prefix='/usr/local'
program_transform_name='s,x,x,'
psdir='${docdir}'
sbindir='${exec_prefix}/sbin'
sharedstatedir='${prefix}/com'
sysconfdir='${prefix}/etc'
target_alias=''

## ----------- ##
## confdefs.h. ##
## ----------- ##

/* confdefs.h */
#define PACKAGE_NAME ""
#define PACKAGE_TARNAME ""
#define PACKAGE_VERSION ""
#define PACKAGE_STRING ""
#define PACKAGE_BUGREPORT ""
#define PACKAGE_URL ""
#define STDC_HEADERS 1
#define HAVE_SETENV 1
#define HAVE_PUTENV 1
#define TCLSH_PATH "tclsh"
#define QFLOW_MAGIC_PATH "/usr/local/bin/magic"
#define QFLOW_QROUTER_PATH "/usr/local/bin/qrouter"
#define QFLOW_TWRC_PATH "/home/tim/src/timberwolf-6.3/.twrc"
#define QFLOW_ODIN_PATH "/home/tim/src/vtr/ODIN_II/odin_II.exe"
#define QFLOW_ABC_PATH "/home/tim/src/abc70930/abc"

configure: exit 0
